     60 02:26
     31 02:25
     11 02:10
     10 00:42
      5 02:20
      5 01:00
      4 00:27
      3 02:11
      3 02:00
      3 01:20
      3 01:10
      2 02:19
      2 02:17
      2 02:15
      2 02:05
      2 02:01
      2 01:57
      2 01:37
      2 01:30
      2 00:30
      2 00:15
      1 02:22
      1 02:14
      1 02:12
      1 02:07
      1 02:06
      1 02:02
      1 01:55
      1 01:52
      1 01:50
      1 01:47
      1 01:45
      1 01:44
      1 01:42
      1 01:40
      1 01:38
      1 01:35
      1 01:32
      1 01:27
      1 01:25
      1 01:22
      1 01:17
      1 01:15
      1 01:12
      1 01:07
      1 01:05
      1 01:04
      1 01:02
      1 00:58
      1 00:57
      1 00:55
      1 00:52
      1 00:50
      1 00:47
      1 00:46
      1 00:45
      1 00:37
      1 00:36
      1 00:35
      1 00:32
      1 00:25
      1 00:22
      1 00:20
      1 00:17
